app/build/intermediates/manifest_merge_blame_file/debug/manifest-merger-blame-debug-report.txt
1<?xml version="1.0" encoding="utf-8"?>
2<manifest xmlns:android="http://schemas.android.com/apk/res/android"
3    package="com.bignerdranch.android.andersentasks"
4    android:versionCode="1"
5    android:versionName="1.0" >
6
7    <uses-sdk
8        android:minSdkVersion="21"
8-->src\main\AndroidManifest.xml
9        android:targetSdkVersion="31" />
9-->src\main\AndroidManifest.xml
10
11    <application
11-->src\main\AndroidManifest.xml:5:5-41:19
12        android:allowBackup="true"
12-->src\main\AndroidManifest.xml:6:9-35
13        android:appComponentFactory="androidx.core.app.CoreComponentFactory"
13-->[androidx.core:core:1.6.0] AndroidManifest.xml:24:18-86
14        android:debuggable="true"
15        android:fullBackupOnly="true"
15-->src\main\AndroidManifest.xml:7:9-38
16        android:icon="@mipmap/ic_launcher"
16-->src\main\AndroidManifest.xml:8:9-43
17        android:label="@string/app_name"
17-->src\main\AndroidManifest.xml:9:9-41
18        android:roundIcon="@mipmap/ic_launcher_round"
18-->src\main\AndroidManifest.xml:10:9-54
19        android:supportsRtl="true"
19-->src\main\AndroidManifest.xml:11:9-35
20        android:testOnly="true"
21        android:theme="@style/Theme.Andersen1" >
21-->src\main\AndroidManifest.xml:12:9-47
22        <activity
22-->src\main\AndroidManifest.xml:13:9-20:20
23            android:name="com.bignerdranch.android.andersen_1.SecondActivity"
23-->src\main\AndroidManifest.xml:14:13-43
24            android:exported="true"
24-->src\main\AndroidManifest.xml:15:13-36
25            android:parentActivityName="com.bignerdranch.android.andersen_1.TwoActivitiesAndIntents" >
25-->src\main\AndroidManifest.xml:16:13-66
26            <meta-data
26-->src\main\AndroidManifest.xml:17:13-19:60
27                android:name="android.support.PARENT_ACTIVITY"
27-->src\main\AndroidManifest.xml:18:17-63
28                android:value=".TwoActivitiesAndIntents" />
28-->src\main\AndroidManifest.xml:19:17-57
29        </activity>
30        <activity
30-->src\main\AndroidManifest.xml:21:9-23:39
31            android:name="com.bignerdranch.android.andersen_1.TwoActivitiesAndIntents"
31-->src\main\AndroidManifest.xml:22:13-52
32            android:exported="true" />
32-->src\main\AndroidManifest.xml:23:13-36
33        <activity
33-->src\main\AndroidManifest.xml:24:9-26:39
34            android:name="com.bignerdranch.android.andersen_1.ScrollViewActivity"
34-->src\main\AndroidManifest.xml:25:13-47
35            android:exported="true" />
35-->src\main\AndroidManifest.xml:26:13-36
36        <activity
36-->src\main\AndroidManifest.xml:27:9-31:66
37            android:name="com.bignerdranch.android.andersen_1.ActivityWithZero"
37-->src\main\AndroidManifest.xml:28:13-45
38            android:exported="true"
38-->src\main\AndroidManifest.xml:29:13-36
39            android:label="@string/title_activity_with_zero"
39-->src\main\AndroidManifest.xml:30:13-61
40            android:theme="@style/Theme.Andersen1.NoActionBar" />
40-->src\main\AndroidManifest.xml:31:13-63
41        <activity
41-->src\main\AndroidManifest.xml:32:9-40:20
42            android:name="com.bignerdranch.android.andersen_1.MainActivity"
42-->src\main\AndroidManifest.xml:33:13-41
43            android:exported="true" >
43-->src\main\AndroidManifest.xml:34:13-36
44            <intent-filter>
44-->src\main\AndroidManifest.xml:35:13-39:29
45                <action android:name="android.intent.action.MAIN" />
45-->src\main\AndroidManifest.xml:36:17-69
45-->src\main\AndroidManifest.xml:36:25-66
46
47                <category android:name="android.intent.category.LAUNCHER" />
47-->src\main\AndroidManifest.xml:38:17-77
47-->src\main\AndroidManifest.xml:38:27-74
48            </intent-filter>
49        </activity>
50    </application>
51
52</manifest>